[2025-05-28 17:29:06,858] [INFO] [real_accelerator.py:222:get_accelerator] Setting ds_accelerator to cuda (auto detect)
Warning: The cache directory for DeepSpeed Triton autotune, /home/sxh/.triton/autotune, appears to be on an NFS system. While this is generally acceptable, if you experience slowdowns or hanging when DeepSpeed exits, it is recommended to set the TRITON_CACHE_DIR environment variable to a non-NFS path.
[2025-05-28 17:29:20,615] [INFO] [real_accelerator.py:222:get_accelerator] Setting ds_accelerator to cuda (auto detect)
[2025-05-28 17:29:20,670] [INFO] [real_accelerator.py:222:get_accelerator] Setting ds_accelerator to cuda (auto detect)
[2025-05-28 17:29:20,824] [INFO] [real_accelerator.py:222:get_accelerator] Setting ds_accelerator to cuda (auto detect)
[2025-05-28 17:29:20,831] [INFO] [real_accelerator.py:222:get_accelerator] Setting ds_accelerator to cuda (auto detect)
Warning: The cache directory for DeepSpeed Triton autotune, /home/sxh/.triton/autotune, appears to be on an NFS system. While this is generally acceptable, if you experience slowdowns or hanging when DeepSpeed exits, it is recommended to set the TRITON_CACHE_DIR environment variable to a non-NFS path.
[2025-05-28 17:29:20,876] [INFO] [real_accelerator.py:222:get_accelerator] Setting ds_accelerator to cuda (auto detect)
[2025-05-28 17:29:20,879] [INFO] [real_accelerator.py:222:get_accelerator] Setting ds_accelerator to cuda (auto detect)
Warning: The cache directory for DeepSpeed Triton autotune, /home/sxh/.triton/autotune, appears to be on an NFS system. While this is generally acceptable, if you experience slowdowns or hanging when DeepSpeed exits, it is recommended to set the TRITON_CACHE_DIR environment variable to a non-NFS path.
Warning: The cache directory for DeepSpeed Triton autotune, /home/sxh/.triton/autotune, appears to be on an NFS system. While this is generally acceptable, if you experience slowdowns or hanging when DeepSpeed exits, it is recommended to set the TRITON_CACHE_DIR environment variable to a non-NFS path.
Warning: The cache directory for DeepSpeed Triton autotune, /home/sxh/.triton/autotune, appears to be on an NFS system. While this is generally acceptable, if you experience slowdowns or hanging when DeepSpeed exits, it is recommended to set the TRITON_CACHE_DIR environment variable to a non-NFS path.
Warning: The cache directory for DeepSpeed Triton autotune, /home/sxh/.triton/autotune, appears to be on an NFS system. While this is generally acceptable, if you experience slowdowns or hanging when DeepSpeed exits, it is recommended to set the TRITON_CACHE_DIR environment variable to a non-NFS path.
Warning: The cache directory for DeepSpeed Triton autotune, /home/sxh/.triton/autotune, appears to be on an NFS system. While this is generally acceptable, if you experience slowdowns or hanging when DeepSpeed exits, it is recommended to set the TRITON_CACHE_DIR environment variable to a non-NFS path.
[2025-05-28 17:29:22,483] [INFO] [comm.py:652:init_distributed] cdb=None
[2025-05-28 17:29:22,631] [INFO] [comm.py:652:init_distributed] cdb=None
[2025-05-28 17:29:22,631] [INFO] [comm.py:683:init_distributed] Initializing TorchBackend in DeepSpeed with backend nccl
[2025-05-28 17:29:22,780] [INFO] [comm.py:652:init_distributed] cdb=None
[2025-05-28 17:29:22,799] [INFO] [comm.py:652:init_distributed] cdb=None
[2025-05-28 17:29:22,826] [INFO] [comm.py:652:init_distributed] cdb=None
[2025-05-28 17:29:22,828] [INFO] [comm.py:652:init_distributed] cdb=None
Installed CUDA version 12.6 does not match the version torch was compiled with 12.4 but since the APIs are compatible, accepting this combination
ninja: no work to do.
Installed CUDA version 12.6 does not match the version torch was compiled with 12.4 but since the APIs are compatible, accepting this combination
Installed CUDA version 12.6 does not match the version torch was compiled with 12.4 but since the APIs are compatible, accepting this combination
Time to load cpu_adam op: 2.626739025115967 seconds
Adam Optimizer #0 is created with AVX2 arithmetic capability.
Config: alpha=0.000010, betas=(0.900000, 0.999000), weight_decay=0.010000, adam_w=1
[2025-05-28 17:29:31,644] [INFO] [config.py:733:__init__] Config mesh_device None world_size = 6
ninja: no work to do.
Time to load cpu_adam op: 2.66469669342041 seconds
Adam Optimizer #0 is created with AVX2 arithmetic capability.
Config: alpha=0.000010, betas=(0.900000, 0.999000), weight_decay=0.010000, adam_w=1
[2025-05-28 17:29:31,685] [INFO] [config.py:733:__init__] Config mesh_device None world_size = 6
Installed CUDA version 12.6 does not match the version torch was compiled with 12.4 but since the APIs are compatible, accepting this combination
ninja: no work to do.
Time to load cpu_adam op: 2.572840929031372 seconds
Adam Optimizer #0 is created with AVX2 arithmetic capability.
Config: alpha=0.000010, betas=(0.900000, 0.999000), weight_decay=0.010000, adam_w=1
[2025-05-28 17:29:31,804] [INFO] [logging.py:128:log_dist] [Rank 0] DeepSpeed info: version=0.16.3, git-hash=unknown, git-branch=unknown
[2025-05-28 17:29:31,804] [INFO] [config.py:733:__init__] Config mesh_device None world_size = 6
Time to load cpu_adam op: 2.7682085037231445 seconds
Adam Optimizer #0 is created with AVX2 arithmetic capability.
Config: alpha=0.000010, betas=(0.900000, 0.999000), weight_decay=0.010000, adam_w=1
[2025-05-28 17:29:31,879] [INFO] [config.py:733:__init__] Config mesh_device None world_size = 6
Installed CUDA version 12.6 does not match the version torch was compiled with 12.4 but since the APIs are compatible, accepting this combination
ninja: no work to do.
Time to load cpu_adam op: 2.592134475708008 seconds
Adam Optimizer #0 is created with AVX2 arithmetic capability.
Config: alpha=0.000010, betas=(0.900000, 0.999000), weight_decay=0.010000, adam_w=1
[2025-05-28 17:29:31,996] [INFO] [config.py:733:__init__] Config mesh_device None world_size = 6
Installed CUDA version 12.6 does not match the version torch was compiled with 12.4 but since the APIs are compatible, accepting this combination
ninja: no work to do.
Time to load cpu_adam op: 2.6889169216156006 seconds
Adam Optimizer #0 is created with AVX2 arithmetic capability.
Config: alpha=0.000010, betas=(0.900000, 0.999000), weight_decay=0.010000, adam_w=1
[2025-05-28 17:29:33,278] [INFO] [config.py:733:__init__] Config mesh_device None world_size = 6
[2025-05-28 17:29:36,334] [INFO] [logging.py:128:log_dist] [Rank 0] DeepSpeed Flops Profiler Enabled: False
[2025-05-28 17:29:36,337] [INFO] [logging.py:128:log_dist] [Rank 0] Using client Optimizer as basic optimizer
[2025-05-28 17:29:36,337] [INFO] [logging.py:128:log_dist] [Rank 0] Removing param_group that has no 'params' in the basic Optimizer
[2025-05-28 17:29:36,423] [INFO] [logging.py:128:log_dist] [Rank 0] DeepSpeed Basic Optimizer = DeepSpeedCPUAdam
[2025-05-28 17:29:36,423] [INFO] [utils.py:59:is_zero_supported_optimizer] Checking ZeRO support for optimizer=DeepSpeedCPUAdam type=<class 'deepspeed.ops.adam.cpu_adam.DeepSpeedCPUAdam'>
[2025-05-28 17:29:36,423] [INFO] [logging.py:128:log_dist] [Rank 0] Creating torch.bfloat16 ZeRO stage 2 optimizer
[2025-05-28 17:29:36,423] [INFO] [stage_1_and_2.py:149:__init__] Reduce bucket size 500000000
[2025-05-28 17:29:36,423] [INFO] [stage_1_and_2.py:150:__init__] Allgather bucket size 500000000
[2025-05-28 17:29:36,424] [INFO] [stage_1_and_2.py:151:__init__] CPU Offload: True
[2025-05-28 17:29:36,424] [INFO] [stage_1_and_2.py:152:__init__] Round robin gradient partitioning: False
[2025-05-28 17:30:11,463] [INFO] [utils.py:781:see_memory_usage] Before initializing optimizer states
[2025-05-28 17:30:11,464] [INFO] [utils.py:782:see_memory_usage] MA 7.57 GB         Max_MA 7.57 GB         CA 7.58 GB         Max_CA 8 GB 
[2025-05-28 17:30:11,465] [INFO] [utils.py:789:see_memory_usage] CPU Virtual Memory:  used = 218.56 GB, percent = 21.7%
[2025-05-28 17:30:12,951] [INFO] [utils.py:781:see_memory_usage] After initializing optimizer states
[2025-05-28 17:30:12,952] [INFO] [utils.py:782:see_memory_usage] MA 7.57 GB         Max_MA 7.57 GB         CA 7.58 GB         Max_CA 8 GB 
[2025-05-28 17:30:12,952] [INFO] [utils.py:789:see_memory_usage] CPU Virtual Memory:  used = 220.92 GB, percent = 21.9%
[2025-05-28 17:30:12,952] [INFO] [stage_1_and_2.py:545:__init__] optimizer state initialized
[2025-05-28 17:30:13,099] [INFO] [utils.py:781:see_memory_usage] After initializing ZeRO optimizer
[2025-05-28 17:30:13,100] [INFO] [utils.py:782:see_memory_usage] MA 7.57 GB         Max_MA 7.57 GB         CA 7.58 GB         Max_CA 8 GB 
[2025-05-28 17:30:13,100] [INFO] [utils.py:789:see_memory_usage] CPU Virtual Memory:  used = 220.92 GB, percent = 21.9%
[2025-05-28 17:30:13,114] [INFO] [logging.py:128:log_dist] [Rank 0] DeepSpeed Final Optimizer = DeepSpeedZeroOptimizer
[2025-05-28 17:30:13,114] [INFO] [logging.py:128:log_dist] [Rank 0] DeepSpeed using configured LR scheduler = None
[2025-05-28 17:30:13,114] [INFO] [logging.py:128:log_dist] [Rank 0] DeepSpeed LR Scheduler = None
[2025-05-28 17:30:13,115] [INFO] [logging.py:128:log_dist] [Rank 0] step=0, skipped=0, lr=[1e-05], mom=[(0.9, 0.999)]
[2025-05-28 17:30:13,117] [INFO] [config.py:999:print] DeepSpeedEngine configuration:
[2025-05-28 17:30:13,117] [INFO] [config.py:1003:print]   activation_checkpointing_config  {
    "partition_activations": false, 
    "contiguous_memory_optimization": false, 
    "cpu_checkpointing": false, 
    "number_checkpoints": null, 
    "synchronize_checkpoint_boundary": false, 
    "profile": false
}
[2025-05-28 17:30:13,117] [INFO] [config.py:1003:print]   aio_config ................... {'block_size': 1048576, 'queue_depth': 8, 'thread_count': 1, 'single_submit': False, 'overlap_events': True, 'use_gds': False}
[2025-05-28 17:30:13,117] [INFO] [config.py:1003:print]   amp_enabled .................. False
[2025-05-28 17:30:13,117] [INFO] [config.py:1003:print]   amp_params ................... False
[2025-05-28 17:30:13,118] [INFO] [config.py:1003:print]   autotuning_config ............ {
    "enabled": false, 
    "start_step": null, 
    "end_step": null, 
    "metric_path": null, 
    "arg_mappings": null, 
    "metric": "throughput", 
    "model_info": null, 
    "results_dir": "autotuning_results", 
    "exps_dir": "autotuning_exps", 
    "overwrite": true, 
    "fast": true, 
    "start_profile_step": 3, 
    "end_profile_step": 5, 
    "tuner_type": "gridsearch", 
    "tuner_early_stopping": 5, 
    "tuner_num_trials": 50, 
    "model_info_path": null, 
    "mp_size": 1, 
    "max_train_batch_size": null, 
    "min_train_batch_size": 1, 
    "max_train_micro_batch_size_per_gpu": 1.024000e+03, 
    "min_train_micro_batch_size_per_gpu": 1, 
    "num_tuning_micro_batch_sizes": 3
}
[2025-05-28 17:30:13,118] [INFO] [config.py:1003:print]   bfloat16_enabled ............. True
[2025-05-28 17:30:13,118] [INFO] [config.py:1003:print]   bfloat16_immediate_grad_update  False
[2025-05-28 17:30:13,118] [INFO] [config.py:1003:print]   checkpoint_parallel_write_pipeline  False
[2025-05-28 17:30:13,118] [INFO] [config.py:1003:print]   checkpoint_tag_validation_enabled  True
[2025-05-28 17:30:13,118] [INFO] [config.py:1003:print]   checkpoint_tag_validation_fail  False
[2025-05-28 17:30:13,118] [INFO] [config.py:1003:print]   comms_config ................. <deepspeed.comm.config.DeepSpeedCommsConfig object at 0x7f0f3c102a40>
[2025-05-28 17:30:13,118] [INFO] [config.py:1003:print]   communication_data_type ...... None
[2025-05-28 17:30:13,118] [INFO] [config.py:1003:print]   compression_config ........... {'weight_quantization': {'shared_parameters': {'enabled': False, 'quantizer_kernel': False, 'schedule_offset': 0, 'quantize_groups': 1, 'quantize_verbose': False, 'quantization_type': 'symmetric', 'quantize_weight_in_forward': False, 'rounding': 'nearest', 'fp16_mixed_quantize': False, 'quantize_change_ratio': 0.001}, 'different_groups': {}}, 'activation_quantization': {'shared_parameters': {'enabled': False, 'quantization_type': 'symmetric', 'range_calibration': 'dynamic', 'schedule_offset': 1000}, 'different_groups': {}}, 'sparse_pruning': {'shared_parameters': {'enabled': False, 'method': 'l1', 'schedule_offset': 1000}, 'different_groups': {}}, 'row_pruning': {'shared_parameters': {'enabled': False, 'method': 'l1', 'schedule_offset': 1000}, 'different_groups': {}}, 'head_pruning': {'shared_parameters': {'enabled': False, 'method': 'topk', 'schedule_offset': 1000}, 'different_groups': {}}, 'channel_pruning': {'shared_parameters': {'enabled': False, 'method': 'l1', 'schedule_offset': 1000}, 'different_groups': {}}, 'layer_reduction': {'enabled': False}}
[2025-05-28 17:30:13,118] [INFO] [config.py:1003:print]   curriculum_enabled_legacy .... False
[2025-05-28 17:30:13,118] [INFO] [config.py:1003:print]   curriculum_params_legacy ..... False
[2025-05-28 17:30:13,118] [INFO] [config.py:1003:print]   data_efficiency_config ....... {'enabled': False, 'seed': 1234, 'data_sampling': {'enabled': False, 'num_epochs': 1000, 'num_workers': 0, 'curriculum_learning': {'enabled': False}}, 'data_routing': {'enabled': False, 'random_ltd': {'enabled': False, 'layer_token_lr_schedule': {'enabled': False}}}}
[2025-05-28 17:30:13,118] [INFO] [config.py:1003:print]   data_efficiency_enabled ...... False
[2025-05-28 17:30:13,119] [INFO] [config.py:1003:print]   dataloader_drop_last ......... False
[2025-05-28 17:30:13,119] [INFO] [config.py:1003:print]   disable_allgather ............ False
[2025-05-28 17:30:13,119] [INFO] [config.py:1003:print]   dump_state ................... False
[2025-05-28 17:30:13,119] [INFO] [config.py:1003:print]   dynamic_loss_scale_args ...... None
[2025-05-28 17:30:13,119] [INFO] [config.py:1003:print]   eigenvalue_enabled ........... False
[2025-05-28 17:30:13,119] [INFO] [config.py:1003:print]   eigenvalue_gas_boundary_resolution  1
[2025-05-28 17:30:13,119] [INFO] [config.py:1003:print]   eigenvalue_layer_name ........ bert.encoder.layer
[2025-05-28 17:30:13,119] [INFO] [config.py:1003:print]   eigenvalue_layer_num ......... 0
[2025-05-28 17:30:13,119] [INFO] [config.py:1003:print]   eigenvalue_max_iter .......... 100
[2025-05-28 17:30:13,119] [INFO] [config.py:1003:print]   eigenvalue_stability ......... 1e-06
[2025-05-28 17:30:13,119] [INFO] [config.py:1003:print]   eigenvalue_tol ............... 0.01
[2025-05-28 17:30:13,119] [INFO] [config.py:1003:print]   eigenvalue_verbose ........... False
[2025-05-28 17:30:13,119] [INFO] [config.py:1003:print]   elasticity_enabled ........... False
[2025-05-28 17:30:13,119] [INFO] [config.py:1003:print]   flops_profiler_config ........ {
    "enabled": false, 
    "recompute_fwd_factor": 0.0, 
    "profile_step": 1, 
    "module_depth": -1, 
    "top_modules": 1, 
    "detailed": true, 
    "output_file": null
}
[2025-05-28 17:30:13,119] [INFO] [config.py:1003:print]   fp1[2025-05-28 17:30:13,114] [INFO] [logging.py:128:log_dist] [Rank 0] DeepSpeed using configured LR scheduler = None
[2025-05-28 17:30:13,114] [INFO] [logging.py:128:log_dist] [Rank 0] DeepSpeed LR Scheduler = None
[2025-05-28 17:30:13,115] [INFO] [logging.py:128:log_dist] [Rank 0] step=0, skipped=0, lr=[1e-05], mom=[(0.9, 0.999)]
[2025-05-28 17:30:13,117] [INFO] [config.py:999:print] DeepSpeedEngine configuration:
[2025-05-28 17:30:13,117] [INFO] [config.py:1003:print]   activation_checkpointing_config  {
    "partition_activations": false, 
    "contiguous_memory_optimization": false, 
    "cpu_checkpointing": false, 
    "number_checkpoints": null, 
    "synchronize_checkpoint_boundary": false, 
    "profile": false
}
[2025-05-28 17:30:13,117] [INFO] [config.py:1003:print]   aio_config ................... {'block_size': 1048576, 'queue_depth': 8, 'thread_count': 1, 'single_submit': False, 'overlap_events': True, 'use_gds': False}
[2025-05-28 17:30:13,117] [INFO] [config.py:1003:print]   amp_enabled .................. False
[2025-05-28 17:30:13,117] [INFO] [config.py:1003:print]   amp_params ................... False
[2025-05-28 17:30:13,118] [INFO] [config.py:1003:print[2025-05-28 17:30:13,120] [INFO] [config.py:1003:print]   loss_scale ................... 1.0
[2025-05-28 17:30:13,120] [INFO] [config.py:1003:print]   memory_breakdown ............. False
[2025-05-28 17:30:13,120] [INFO] [config.py:1003:print]   mics_hierarchial_params_gather  False
[2025-05-28 17:30:13,120] [INFO] [config.py:1003:print]   mics_shard_size .............. -1
[2025-05-28 17:30:13,120] [INFO] [config.py:1003:print]   monitor_config ............... tensorboard=TensorBoardConfig(enabled=False, output_path='', job_name='DeepSpeedJobName') comet=CometConfig(enabled=False, samples_log_interval=100, project=None, workspace=None, api_key=None, experiment_name=None, experiment_key=None, online=None, mode=None) wandb=WandbConfig(enabled=False, group=None, team=None, project='deepspeed') csv_monitor=CSVConfig(enabled=False, output_path='', job_name='DeepSpeedJobName')
[2025-05-28 17:30:13,120] [INFO] [config.py:1003:print]   nebula_config ................ {
    "enabled": false, 
    "persistent_storage_path": null, 
    "persistent_time_interval": 100, 
    "num_of_version_in_retention": 2, 
    "enable_nebula_load": true, 
    "load_path": null
}
[2025-05-28 17:30:13,120] [INFO] [config.py:1003:print]   optimizer_legacy_fusion ...... False
[2025-05-28 17:30:13,120] [INFO] [config.py:1003:print]   optimizer_name ............... None
[2025-05-28 17:30:13,120] [INFO] [config.py:1003:print]   optimizer_params ............. None
[2025-05-28 17:30:13,120] [INFO] [config.py:1003:print]   pipeline ..................... {'stages': 'auto', 'partition': 'best', 'seed_layers': False, 'activation_checkpoint_interval': 0, 'pipe_partitioned': True, 'grad_partitioned': True}
[2025-05-28 17:30:13,120] [INFO] [config.py:1003:print]   pld_enabled .................. False
[2025-05-28 17:30:13,121] [INFO] [config.py:1003:print]   pld_params ................... False
[2025-05-28 17:30:13,121] [INFO] [config.py:1003:print]   prescale_gradients ........... False
[2025-05-28 17:30:13,121] [INFO] [config.py:1003:print]   scheduler_name ............... None
[2025-05-28 17:30:13,121] [INFO] [config.py:1003:print]   scheduler_params ............. None
[2025-05-28 17:30:13,121] [INFO] [config.py:1003:print]   seq_parallel_communication_data_type  torch.float32
[2025-05-28 17:30:13,121] [INFO] [config.py:1003:print]   sparse_attention ............. None
[2025-05-28 17:30:13,121] [INFO] [config.py:1003:print]   sparse_gradients_enabled ..... False
[2025-05-28 17:30:13,121] [INFO] [config.py:1003:print]   steps_per_print .............. inf
[2025-05-28 17:30:13,121] [INFO] [config.py:1003:print]   timers_config ................ enabled=True synchronized=True
[2025-05-28 17:30:13,121] [INFO] [config.py:1003:print]   train_batch_size ............. 12
[2025-05-28 17:30:13,121] [INFO] [config.py:1003:print]   train_micro_batch_size_per_gpu  1
[2025-05-28 17:30:13,121] [INFO] [config.py:1003:print]   use_data_before_expert_parallel_  False
[2025-05-28 17:30:13,121] [INFO] [config.py:1003:print]   use_node_local_storage ....... False
[2025-05-28 17:30:13,121] [INFO] [config.py:1003:print]   wall_clock_breakdown ......... False
[2025-05-28 17:30:13,121] [INFO] [config.py:1003:print]   weight_quantization_config ... None
[2025-05-28 17:30:13,121] [INFO] [config.py:1003:print]   world_size ................... 6
[2025-05-28 17:30:13,121] [INFO] [config.py:1003:print]   zero_allow_untested_optimizer  True
[2025-05-28 17:30:13,121] [INFO] [config.py:1003:print]   zero_config .................. stage=2 contiguous_gradients=True reduce_scatter=True reduce_bucket_size=500000000 use_multi_rank_bucket_allreduce=True allgather_partitions=True allgather_bucket_size=500000000 overlap_comm=False load_from_fp32_weights=True elastic_checkpoint=False offload_param=DeepSpeedZeroOffloadParamConfig(device='none', nvme_path=None, buffer_count=5, buffer_size=100000000, max_in_cpu=1000000000, pin_memory=False) offload_optimizer=DeepSpeedZeroOffloadOptimizerConfig(device='cpu', nvme_path=None, buffer_count=4, pin_memory=False, pipeline_read=False, pipeline_write=False, fast_init=False, ratio=1.0) sub_group_size=1000000000 cpu_offload_param=None cpu_offload_use_pin_memory=None cpu_offload=None prefetch_bucket_size=50000000 param_persistence_threshold=100000 model_persistence_threshold=9223372036854775807 max_live_parameters=1000000000 max_reuse_distance=1000000000 gather_16bit_weights_on_model_save=False module_granularity_threshold=0 use_all_reduce_for_fetch_params=False stage3_gather_fp16_weights_on_model_save=False ignore_unused_parameters=True legacy_stage1=False round_robin_gradients=False zero_hpz_partition_size=1 zero_quantized_weights=False zero_quantized_nontrainable_weights=False zero_quantized_gradients=False zeropp_loco_param=None mics_shard_size=-1 mics_hierarchical_params_gather=False memory_efficient_linear=True pipeline_loading_checkpoint=False override_module_apply=True
[2025-05-28 17:30:13,121] [INFO] [config.py:1003:print]   zero_enabled ................. True
[2025-05-28 17:30:13,121] [INFO] [config.py:1003:print]   zero_force_ds_cpu_optimizer .. True
[2025-05-28 17:30:13,122] [INFO] [config.py:1003:print]   zero_optimization_stage ...... 2
[2025-05-28 17:30:13,122] [INFO] [config.py:989:print_user_config]   json = {
    "train_batch_size": 12, 
    "train_micro_batch_size_per_gpu": 1, 
    "gradient_accumulation_steps": 2, 
    "zero_optimization": {
        "stage": 2, 
        "offload_optimizer": {
            "device": "cpu", 
            "nvme_path": null
        }, 
        "offload_param": {
            "device": "none", 
            "nvme_path": null
        }, 
        "stage3_gather_16bit_weights_on_model_save": false
    }, 
    "gradient_clipping": 1.0, 
    "steps_per_print": inf, 
    "bf16": {
        "enabled": true
    }, 
    "fp16": {
        "enabled": false
    }, 
    "zero_allow_untested_optimizer": true
}
py:1003:print]   initial_dynamic_scale ........ 1
[2025-05-28 17:30:13,120] [INFO] [config.py:1003:print]   load_universal_checkpoint .... False
[2025-05-28 17:30:13,120] [INFO] [config.py:1003:print]   loss_scale ................... 1.0
[2025-05-28 17:30:13,120] [INFO] [config.py:1003:print]   memory_breakdown ............. False
[2025-05-28 17:30:13,120] [INFO] [config.py:1003:print]   mics_hierarchial_params_gather  False
[2025-05-28 17:30:13,120] [INFO] [config.py:1003:print]   mics_shard_size .............. -1
[2025-05-28 17:30:13,120] [INFO] [config.py:1003:print]   monitor_config ............... tensorboard=TensorBoardConfig(enabled=False, output_path='', job_name='DeepSpeedJobName') comet=CometConfig(enabled=False, samples_log_interval=100, project=None, workspace=None, api_key=None, experiment_name=None, experiment_key=None, online=None, mode=None) wandb=WandbConfig(enabled=False, group=None, team=None, project='deepspeed') csv_monitor=CSVConfig(enabled=False, output_path='', job_name='DeepSpeedJobName')
[2025-05-28 17:30:13,120] [INFO] [config.py:1003:print]   nebula_config ................ {
    "enabled": false, 
    "persistent_storage_path": null, 
    "persistent_time_interval": 100, 
    "num_of_version_in_retention": 2, 
    "enable_nebula_load": true, 
    "load_path": null
}
[2025-05-28 17:30:13,120] [INFO] [config.py:1003:print]   optimizer_legacy_fusion ...... False
[2025-05-28 17:30:13,120] [INFO] [config.py:1003:print]   optimizer_name ............... None
[2025-05-28 17:30:13,120] [INFO] [config.py:1003:print]   optimizer_params ............. None
[2025-05-28 17:30:13,120] [INFO] [config.py:1003:print]   pipeline ..................... {'stages': 'auto', 'partition': 'best', 'seed_layers': False, 'activation_checkpoint_interval': 0, 'pipe_partitioned': True, 'grad_partitioned': True}
[2025-05-28 17:30:13,120] [INFO] [config.py:1003:print]   pld_enabled .................. False
[2025-05-28 17:30:13,121] [INFO] [config.py:1003:print]   pld_params ................... False
[2025-05-28 17:30:13,121] [INFO] [config.py:1003:print]   prescale_gradients ........... False
[2025-05-28 17:30:13,121] [INFO] [config.py:1003:print]   scheduler_name ............... None
[2025-05-28 17:30:13,121] [INFO] [config.py:1003:print]   scheduler_params ............. None
[2025-05-28 17:30:13,121] [INFO] [config.py:1003:print]   seq_parallel_communication_data_type  torch.float32
[2025-05-28 17:30:13,121] [INFO] [config.py:1003:print]   sparse_attention ............. None
[2025-05-28 17:30:13,121] [INFO] [config.py:1003:print]   sparse_gradients_enabled ..... False
[2025-05-28 17:30:13,121] [INFO] [config.py:1003:print]   steps_per_print .............. inf
[2025-05-28 17:30:13,121] [INFO] [config.py:1003:print]   timers_config ................ enabled=True synchronized=True
[2025-05-28 17:30:13,121] [INFO] [config.py:1003:print]   train_batch_size ............. 12
[2025-05-28 17:30:13,121] [INFO] [config.py:1003:print]   train_micro_batch_size_per_gpu  1
[2025-05-28 17:30:13,121] [INFO] [config.py:1003:print]   use_data_before_expert_parallel_  False
[2025-05-28 17:30:13,121] [INFO] [config.py:1003:print]   use_node_local_storage ....... False
[2025-05-28 17:30:13,121] [INFO] [config.py:1003:print]   wall_clock_breakdown ......... False
[2025-05-28 17:30:13,121] [INFO] [config.py:1003:print]   weight_quantization_config ... None
[2025-05-28 17:30:13,121] [INFO] [config.py:1003:print]   world_size ................... 6
[2025-05-28 17:30:13,121] [INFO] [config.py:1003:print]   zero_allow_untested_optimizer  True
[2025-05-28 17:30:13,121] [INFO] [config.py:1003:print]   zero_config .................. stage=2 contiguous_gradients=True reduce_scatter=True reduce_bucket_size=500000000 use_multi_rank_bucket_allreduce=True allgather_partitions=True allgather_bucket_size=500000000 overlap_comm=False load_from_fp32_weights=True elastic_checkpoint=False offload_param=DeepSpeedZeroOffloadParamConfig(device='none', nvme_path=None, buffer_count=5, buffer_size=100000000, max_in_cpu=1000000000, pin_memory=False) offload_optimizer=DeepSpeedZeroOffloadOptimizerConfig(device='cpu', nvme_path=None, buffer_count=4, pin_memory=False, pipeline_read=False, pipeline_write=False, fast_init=False, ratio=1.0) sub_group_size=1000000000 cpu_offload_param=None cpu_offload_use_pin_memory=None cpu_offload=None prefetch_bucket_size=50000000 param_persistence_threshold=100000 model_persistence_threshold=9223372036854775807 max_live_parameters=1000000000 max_reuse_distance=1000000000 gather_16bit_weights_on_model_save=False module_granularity_threshold=0 use_all_reduce_for_fetch_params=False stage3_gather_fp16_weights_on_model_save=False ignore_unused_parameters=True legacy_stage1=False round_robin_gradients=False zero_hpz_partition_size=1 zero_quantized_weights=False zero_quantized_nontrainable_weights=False zero_quantized_gradients=False zeropp_loco_param=None mics_shard_size=-1 mics_hierarchical_params_gather=False memory_efficient_linear=True pipeline_loading_checkpoint=False override_module_apply=True
[2025-05-28 17:30:13,121] [INFO] [config.py:1003:print]   zero_enabled ................. True
[2025-05-28 17:30:13,121] [INFO] [config.py:1003:print]   zero_force_ds_cpu_optimizer .. True
[2025-05-28 17:30:13,122] [INFO] [config.py:1003:print]   zero_optimization_stage ...... 2
[2025-05-28 17:30:13,122] [INFO] [config.py:989:print_user_config]   json = {
    "train_batch_size": 12, 
    "train_micro_batch_size_per_gpu": 1, 
    "gradient_accumulation_steps": 2, 
    "zero_optimization": {
        "stage": 2, 
        "offload_optimizer": {
            "device": "cpu", 
            "nvme_path": null
        }, 
        "offload_param": {
            "device": "none", 
            "nvme_path": null
        }, 
        "stage3_gather_16bit_weights_on_model_save": false
    }, 
    "gradient_clipping": 1.0, 
    "steps_per_print": inf, 
    "bf16": {
        "enabled": true
    }, 
    "fp16": {
        "enabled": false
    }, 
    "zero_allow_untested_optimizer": true
}
`use_cache=True` is incompatible with gradient checkpointing. Setting `use_cache=False`...
2025-05-28 17:30:23-discriminator_train.py:265-INFO >> [Ep 1/2] Step 0000 | loss 7.500000
2025-05-28 17:30:23-discriminator_train.py:265-INFO >> [Ep 1/2] Step 0000 | loss 7.500000
2025-05-28 17:30:23-discriminator_train.py:281-INFO >> ------ unwrap_model done ------
2025-05-28 17:30:23-discriminator_train.py:281-INFO >> ------ unwrap_model done ------
2025-05-28 17:30:28-discriminator_train.py:286-INFO >> ------ get_state_dict done ------
2025-05-28 17:30:28-discriminator_train.py:286-INFO >> ------ get_state_dict done ------
2025-05-28 17:32:31-discriminator_train.py:298-INFO >> ------ save base model done ------
2025-05-28 17:32:31-discriminator_train.py:298-INFO >> ------ save base model done ------
2025-05-28 17:33:44-discriminator_train.py:306-INFO >> ------ save discriminator head done ------
2025-05-28 17:33:44-discriminator_train.py:306-INFO >> ------ save discriminator head done ------
2025-05-28 17:34:02-discriminator_train.py:265-INFO >> [Ep 2/2] Step 0000 | loss 7.500000
2025-05-28 17:34:02-discriminator_train.py:265-INFO >> [Ep 2/2] Step 0000 | loss 7.500000
2025-05-28 17:34:02-discriminator_train.py:281-INFO >> ------ unwrap_model done ------
2025-05-28 17:34:02-discriminator_train.py:281-INFO >> ------ unwrap_model done ------
2025-05-28 17:34:08-discriminator_train.py:286-INFO >> ------ get_state_dict done ------
2025-05-28 17:34:08-discriminator_train.py:286-INFO >> ------ get_state_dict done ------
2025-05-28 17:35:31-discriminator_train.py:298-INFO >> ------ save base model done ------
2025-05-28 17:35:31-discriminator_train.py:298-INFO >> ------ save base model done ------
2025-05-28 17:36:52-discriminator_train.py:306-INFO >> ------ save discriminator head done ------
2025-05-28 17:36:52-discriminator_train.py:306-INFO >> ------ save discriminator head done ------
2025-05-28 17:36:53-discriminator_train.py:197-INFO >> chat template saved in train_output/20250528172924/checkpoint-epoch2/base_model/chat_template.json
2025-05-28 17:36:53-discriminator_train.py:197-INFO >> chat template saved in train_output/20250528172924/checkpoint-epoch2/base_model/chat_template.json
2025-05-28 17:36:53-discriminator_train.py:312-INFO >> ------ save processor and chat_template done ------
2025-05-28 17:36:53-discriminator_train.py:312-INFO >> ------ save processor and chat_template done ------
